25-02-22.19:55:57.102 [main            ] INFO  IIndexGroupBuyMarketServiceTest - Starting IIndexGroupBuyMarketServiceTest using Java 17.0.14 on DESKTOP-PMHOB6L with PID 79644 (started by LIUYU in C:\Users\LIUYU\Documents\group-buy-market\group-buy-market-app)
25-02-22.19:55:57.103 [main            ] INFO  IIndexGroupBuyMarketServiceTest - The following 1 profile is active: "dev"
25-02-22.19:55:59.221 [main            ] INFO  IIndexGroupBuyMarketServiceTest - Started IIndexGroupBuyMarketServiceTest in 2.468 seconds (JVM running for 3.108)
25-02-22.19:57:30.909 [main            ] INFO  IIndexGroupBuyMarketServiceTest - Starting IIndexGroupBuyMarketServiceTest using Java 17.0.14 on DESKTOP-PMHOB6L with PID 72096 (started by LIUYU in C:\Users\LIUYU\Documents\group-buy-market\group-buy-market-app)
25-02-22.19:57:30.910 [main            ] INFO  IIndexGroupBuyMarketServiceTest - The following 1 profile is active: "dev"
25-02-22.19:57:32.602 [main            ] INFO  IIndexGroupBuyMarketServiceTest - Started IIndexGroupBuyMarketServiceTest in 2.004 seconds (JVM running for 2.508)
25-02-22.19:57:33.031 [pool-2-thread-2 ] INFO  HikariDataSource       - HikariPool-1 - Starting...
25-02-22.19:57:33.407 [pool-2-thread-2 ] INFO  HikariDataSource       - HikariPool-1 - Start completed.
25-02-22.19:57:33.482 [SpringApplicationShutdownHook] INFO  HikariDataSource       - HikariPool-1 - Shutdown initiated...
25-02-22.19:57:33.486 [SpringApplicationShutdownHook] INFO  HikariDataSource       - HikariPool-1 - Shutdown completed.
25-02-22.19:59:12.051 [main            ] INFO  IIndexGroupBuyMarketServiceTest - Starting IIndexGroupBuyMarketServiceTest using Java 17.0.14 on DESKTOP-PMHOB6L with PID 86792 (started by LIUYU in C:\Users\LIUYU\Documents\group-buy-market\group-buy-market-app)
25-02-22.19:59:12.052 [main            ] INFO  IIndexGroupBuyMarketServiceTest - The following 1 profile is active: "dev"
25-02-22.19:59:13.701 [main            ] INFO  IIndexGroupBuyMarketServiceTest - Started IIndexGroupBuyMarketServiceTest in 1.97 seconds (JVM running for 2.489)
25-02-22.19:59:14.112 [pool-2-thread-1 ] INFO  HikariDataSource       - HikariPool-1 - Starting...
25-02-22.19:59:14.400 [pool-2-thread-1 ] INFO  HikariDataSource       - HikariPool-1 - Start completed.
25-02-22.19:59:14.451 [SpringApplicationShutdownHook] INFO  HikariDataSource       - HikariPool-1 - Shutdown initiated...
25-02-22.19:59:14.455 [SpringApplicationShutdownHook] INFO  HikariDataSource       - HikariPool-1 - Shutdown completed.
25-02-22.20:02:19.482 [main            ] INFO  IIndexGroupBuyMarketServiceTest - Starting IIndexGroupBuyMarketServiceTest using Java 17.0.14 on DESKTOP-PMHOB6L with PID 79232 (started by LIUYU in C:\Users\LIUYU\Documents\group-buy-market\group-buy-market-app)
25-02-22.20:02:19.483 [main            ] INFO  IIndexGroupBuyMarketServiceTest - The following 1 profile is active: "dev"
25-02-22.20:02:21.223 [main            ] INFO  IIndexGroupBuyMarketServiceTest - Started IIndexGroupBuyMarketServiceTest in 2.054 seconds (JVM running for 2.551)
25-02-22.20:02:21.625 [pool-2-thread-2 ] INFO  HikariDataSource       - HikariPool-1 - Starting...
25-02-22.20:02:21.911 [pool-2-thread-2 ] INFO  HikariDataSource       - HikariPool-1 - Start completed.
25-02-22.20:02:21.963 [SpringApplicationShutdownHook] INFO  HikariDataSource       - HikariPool-1 - Shutdown initiated...
25-02-22.20:02:21.967 [SpringApplicationShutdownHook] INFO  HikariDataSource       - HikariPool-1 - Shutdown completed.
25-02-22.20:08:55.622 [main            ] INFO  IIndexGroupBuyMarketServiceTest - Starting IIndexGroupBuyMarketServiceTest using Java 17.0.14 on DESKTOP-PMHOB6L with PID 84032 (started by LIUYU in C:\Users\LIUYU\Documents\group-buy-market\group-buy-market-app)
25-02-22.20:08:55.623 [main            ] INFO  IIndexGroupBuyMarketServiceTest - The following 1 profile is active: "dev"
25-02-22.20:08:57.210 [main            ] INFO  IIndexGroupBuyMarketServiceTest - Started IIndexGroupBuyMarketServiceTest in 1.917 seconds (JVM running for 2.422)
25-02-22.20:08:57.590 [pool-2-thread-1 ] INFO  HikariDataSource       - HikariPool-1 - Starting...
25-02-22.20:08:57.864 [pool-2-thread-1 ] INFO  HikariDataSource       - HikariPool-1 - Start completed.
25-02-22.20:08:57.913 [SpringApplicationShutdownHook] INFO  HikariDataSource       - HikariPool-1 - Shutdown initiated...
25-02-22.20:08:57.918 [SpringApplicationShutdownHook] INFO  HikariDataSource       - HikariPool-1 - Shutdown completed.
25-02-22.20:26:06.728 [main            ] INFO  IIndexGroupBuyMarketServiceTest - Starting IIndexGroupBuyMarketServiceTest using Java 17.0.14 on DESKTOP-PMHOB6L with PID 84532 (started by LIUYU in C:\Users\LIUYU\Documents\group-buy-market\group-buy-market-app)
25-02-22.20:26:06.728 [main            ] INFO  IIndexGroupBuyMarketServiceTest - The following 1 profile is active: "dev"
25-02-22.20:26:08.287 [main            ] INFO  IIndexGroupBuyMarketServiceTest - Started IIndexGroupBuyMarketServiceTest in 1.87 seconds (JVM running for 2.368)
25-02-22.20:26:08.787 [main            ] INFO  RootNode               - 拼团商品查询试算服务-RootNode userId:xiaofuge requestParameter:{"channel":"c01","goodsId":"9890001","source":"s01","userId":"xiaofuge"}
25-02-22.20:26:08.807 [pool-2-thread-2 ] INFO  HikariDataSource       - HikariPool-1 - Starting...
25-02-22.20:26:09.069 [pool-2-thread-2 ] INFO  HikariDataSource       - HikariPool-1 - Start completed.
25-02-22.20:26:09.119 [SpringApplicationShutdownHook] INFO  HikariDataSource       - HikariPool-1 - Shutdown initiated...
25-02-22.20:26:09.123 [SpringApplicationShutdownHook] INFO  HikariDataSource       - HikariPool-1 - Shutdown completed.
25-02-22.20:34:09.580 [main            ] INFO  IIndexGroupBuyMarketServiceTest - Starting IIndexGroupBuyMarketServiceTest using Java 17.0.14 on DESKTOP-PMHOB6L with PID 41028 (started by LIUYU in C:\Users\LIUYU\Documents\group-buy-market\group-buy-market-app)
25-02-22.20:34:09.580 [main            ] INFO  IIndexGroupBuyMarketServiceTest - The following 1 profile is active: "dev"
25-02-22.20:34:11.259 [main            ] INFO  IIndexGroupBuyMarketServiceTest - Started IIndexGroupBuyMarketServiceTest in 1.981 seconds (JVM running for 2.491)
25-02-22.20:34:11.746 [main            ] INFO  RootNode               - 拼团商品查询试算服务-RootNode userId:xiaofuge requestParameter:{"channel":"c01","goodsId":"9890001","source":"s01","userId":"xiaofuge"}
25-02-22.20:34:11.767 [pool-2-thread-1 ] INFO  HikariDataSource       - HikariPool-1 - Starting...
25-02-22.20:34:12.021 [pool-2-thread-1 ] INFO  HikariDataSource       - HikariPool-1 - Start completed.
25-02-22.20:34:12.073 [SpringApplicationShutdownHook] INFO  HikariDataSource       - HikariPool-1 - Shutdown initiated...
25-02-22.20:34:12.077 [SpringApplicationShutdownHook] INFO  HikariDataSource       - HikariPool-1 - Shutdown completed.
25-02-22.20:50:09.768 [main            ] INFO  IIndexGroupBuyMarketServiceTest - Starting IIndexGroupBuyMarketServiceTest using Java 17.0.14 on DESKTOP-PMHOB6L with PID 70676 (started by LIUYU in C:\Users\LIUYU\Documents\group-buy-market\group-buy-market-app)
25-02-22.20:50:09.768 [main            ] INFO  IIndexGroupBuyMarketServiceTest - The following 1 profile is active: "dev"
25-02-22.20:50:11.395 [main            ] INFO  IIndexGroupBuyMarketServiceTest - Started IIndexGroupBuyMarketServiceTest in 1.936 seconds (JVM running for 2.431)
25-02-22.20:50:11.825 [main            ] INFO  RootNode               - 拼团商品查询试算服务-RootNode userId:xiaofuge requestParameter:{"channel":"c01","goodsId":"9890001","source":"s01","userId":"xiaofuge"}
25-02-22.20:50:11.846 [pool-2-thread-1 ] INFO  HikariDataSource       - HikariPool-1 - Starting...
25-02-22.20:50:12.100 [pool-2-thread-1 ] INFO  HikariDataSource       - HikariPool-1 - Start completed.
25-02-22.20:50:12.152 [SpringApplicationShutdownHook] INFO  HikariDataSource       - HikariPool-1 - Shutdown initiated...
25-02-22.20:50:12.156 [SpringApplicationShutdownHook] INFO  HikariDataSource       - HikariPool-1 - Shutdown completed.
25-02-22.20:57:49.693 [main            ] INFO  IIndexGroupBuyMarketServiceTest - Starting IIndexGroupBuyMarketServiceTest using Java 17.0.14 on DESKTOP-PMHOB6L with PID 84832 (started by LIUYU in C:\Users\LIUYU\Documents\group-buy-market\group-buy-market-app)
25-02-22.20:57:49.694 [main            ] INFO  IIndexGroupBuyMarketServiceTest - The following 1 profile is active: "dev"
25-02-22.20:57:51.381 [main            ] INFO  IIndexGroupBuyMarketServiceTest - Started IIndexGroupBuyMarketServiceTest in 2.013 seconds (JVM running for 2.547)
25-02-22.20:57:51.909 [main            ] INFO  RootNode               - 拼团商品查询试算服务-RootNode userId:xiaofuge requestParameter:{"channel":"c01","goodsId":"9890001","source":"s01","userId":"xiaofuge"}
25-02-22.20:57:51.939 [pool-2-thread-1 ] INFO  HikariDataSource       - HikariPool-1 - Starting...
25-02-22.20:57:52.249 [pool-2-thread-1 ] INFO  HikariDataSource       - HikariPool-1 - Start completed.
25-02-22.20:57:52.297 [SpringApplicationShutdownHook] INFO  HikariDataSource       - HikariPool-1 - Shutdown initiated...
25-02-22.20:57:52.300 [SpringApplicationShutdownHook] INFO  HikariDataSource       - HikariPool-1 - Shutdown completed.
25-02-22.20:58:44.465 [main            ] INFO  IIndexGroupBuyMarketServiceTest - Starting IIndexGroupBuyMarketServiceTest using Java 17.0.14 on DESKTOP-PMHOB6L with PID 70928 (started by LIUYU in C:\Users\LIUYU\Documents\group-buy-market\group-buy-market-app)
25-02-22.20:58:44.466 [main            ] INFO  IIndexGroupBuyMarketServiceTest - The following 1 profile is active: "dev"
25-02-22.20:58:46.029 [main            ] INFO  IIndexGroupBuyMarketServiceTest - Started IIndexGroupBuyMarketServiceTest in 1.876 seconds (JVM running for 2.403)
25-02-22.20:58:46.517 [main            ] INFO  RootNode               - 拼团商品查询试算服务-RootNode userId:xiaofuge requestParameter:{"channel":"c01","goodsId":"9890001","source":"s01","userId":"xiaofuge"}
25-02-22.20:58:46.520 [main            ] INFO  SwitchRoot             - switch node
25-02-22.20:58:46.538 [pool-2-thread-2 ] INFO  HikariDataSource       - HikariPool-1 - Starting...
25-02-22.20:58:46.806 [pool-2-thread-2 ] INFO  HikariDataSource       - HikariPool-1 - Start completed.
25-02-22.20:58:46.854 [SpringApplicationShutdownHook] INFO  HikariDataSource       - HikariPool-1 - Shutdown initiated...
25-02-22.20:58:46.857 [SpringApplicationShutdownHook] INFO  HikariDataSource       - HikariPool-1 - Shutdown completed.
25-02-22.21:00:05.910 [main            ] INFO  IIndexGroupBuyMarketServiceTest - Starting IIndexGroupBuyMarketServiceTest using Java 17.0.14 on DESKTOP-PMHOB6L with PID 48576 (started by LIUYU in C:\Users\LIUYU\Documents\group-buy-market\group-buy-market-app)
25-02-22.21:00:05.911 [main            ] INFO  IIndexGroupBuyMarketServiceTest - The following 1 profile is active: "dev"
25-02-22.21:00:07.447 [main            ] INFO  IIndexGroupBuyMarketServiceTest - Started IIndexGroupBuyMarketServiceTest in 1.852 seconds (JVM running for 2.352)
25-02-22.21:00:07.928 [main            ] INFO  RootNode               - 拼团商品查询试算服务-RootNode userId:xiaofuge requestParameter:{"channel":"c01","goodsId":"9890001","source":"s01","userId":"xiaofuge"}
25-02-22.21:00:07.930 [main            ] INFO  SwitchRoot             - switch node
25-02-22.21:00:07.931 [main            ] INFO  MarketNode             - 进入
25-02-22.21:00:07.950 [pool-2-thread-2 ] INFO  HikariDataSource       - HikariPool-1 - Starting...
25-02-22.21:00:08.223 [pool-2-thread-2 ] INFO  HikariDataSource       - HikariPool-1 - Start completed.
25-02-22.21:00:08.273 [SpringApplicationShutdownHook] INFO  HikariDataSource       - HikariPool-1 - Shutdown initiated...
25-02-22.21:00:08.277 [SpringApplicationShutdownHook] INFO  HikariDataSource       - HikariPool-1 - Shutdown completed.
25-02-22.21:01:01.062 [main            ] INFO  IIndexGroupBuyMarketServiceTest - Starting IIndexGroupBuyMarketServiceTest using Java 17.0.14 on DESKTOP-PMHOB6L with PID 84352 (started by LIUYU in C:\Users\LIUYU\Documents\group-buy-market\group-buy-market-app)
25-02-22.21:01:01.063 [main            ] INFO  IIndexGroupBuyMarketServiceTest - The following 1 profile is active: "dev"
25-02-22.21:01:02.728 [main            ] INFO  IIndexGroupBuyMarketServiceTest - Started IIndexGroupBuyMarketServiceTest in 1.987 seconds (JVM running for 2.493)
25-02-22.21:01:03.228 [main            ] INFO  RootNode               - 拼团商品查询试算服务-RootNode userId:xiaofuge requestParameter:{"channel":"c01","goodsId":"9890001","source":"s01","userId":"xiaofuge"}
25-02-22.21:01:03.231 [main            ] INFO  SwitchRoot             - switch node
25-02-22.21:01:03.231 [main            ] INFO  MarketNode             - 进入
25-02-22.21:01:03.231 [main            ] INFO  MarketNode             - 拿到活动配置
25-02-22.21:01:03.249 [pool-2-thread-1 ] INFO  HikariDataSource       - HikariPool-1 - Starting...
25-02-22.21:01:03.536 [pool-2-thread-1 ] INFO  HikariDataSource       - HikariPool-1 - Start completed.
25-02-22.21:01:03.589 [SpringApplicationShutdownHook] INFO  HikariDataSource       - HikariPool-1 - Shutdown initiated...
25-02-22.21:01:03.592 [SpringApplicationShutdownHook] INFO  HikariDataSource       - HikariPool-1 - Shutdown completed.
25-02-22.21:02:02.951 [main            ] INFO  IIndexGroupBuyMarketServiceTest - Starting IIndexGroupBuyMarketServiceTest using Java 17.0.14 on DESKTOP-PMHOB6L with PID 45404 (started by LIUYU in C:\Users\LIUYU\Documents\group-buy-market\group-buy-market-app)
25-02-22.21:02:02.952 [main            ] INFO  IIndexGroupBuyMarketServiceTest - The following 1 profile is active: "dev"
25-02-22.21:02:04.661 [main            ] INFO  IIndexGroupBuyMarketServiceTest - Started IIndexGroupBuyMarketServiceTest in 2.018 seconds (JVM running for 2.515)
25-02-22.21:02:05.128 [main            ] INFO  RootNode               - 拼团商品查询试算服务-RootNode userId:xiaofuge requestParameter:{"channel":"c01","goodsId":"9890001","source":"s01","userId":"xiaofuge"}
25-02-22.21:02:05.131 [main            ] INFO  SwitchRoot             - switch node
25-02-22.21:02:05.131 [main            ] INFO  MarketNode             - 进入
25-02-22.21:02:05.131 [main            ] INFO  MarketNode             - 拿到活动配置
25-02-22.21:02:05.132 [main            ] INFO  MarketNode             - 拿到商品信息
25-02-22.21:02:05.149 [pool-2-thread-2 ] INFO  HikariDataSource       - HikariPool-1 - Starting...
25-02-22.21:02:05.416 [pool-2-thread-2 ] INFO  HikariDataSource       - HikariPool-1 - Start completed.
25-02-22.21:02:05.473 [SpringApplicationShutdownHook] INFO  HikariDataSource       - HikariPool-1 - Shutdown initiated...
25-02-22.21:02:05.477 [SpringApplicationShutdownHook] INFO  HikariDataSource       - HikariPool-1 - Shutdown completed.
25-02-22.21:05:20.245 [main            ] INFO  IIndexGroupBuyMarketServiceTest - Starting IIndexGroupBuyMarketServiceTest using Java 17.0.14 on DESKTOP-PMHOB6L with PID 88644 (started by LIUYU in C:\Users\LIUYU\Documents\group-buy-market\group-buy-market-app)
25-02-22.21:05:20.246 [main            ] INFO  IIndexGroupBuyMarketServiceTest - The following 1 profile is active: "dev"
25-02-22.21:05:21.819 [main            ] INFO  IIndexGroupBuyMarketServiceTest - Started IIndexGroupBuyMarketServiceTest in 1.895 seconds (JVM running for 2.391)
25-02-22.21:05:22.272 [main            ] INFO  RootNode               - 拼团商品查询试算服务-RootNode userId:xiaofuge requestParameter:{"channel":"c01","goodsId":"9890001","source":"s01","userId":"xiaofuge"}
25-02-22.21:05:22.275 [main            ] INFO  SwitchRoot             - switch node
25-02-22.21:05:22.275 [main            ] INFO  MarketNode             - 进入
25-02-22.21:05:22.276 [main            ] INFO  MarketNode             - 拿到活动配置
25-02-22.21:05:22.278 [main            ] INFO  MarketNode             - 拿到商品信息
25-02-22.21:05:22.293 [pool-2-thread-2 ] INFO  HikariDataSource       - HikariPool-1 - Starting...
25-02-22.21:05:22.556 [pool-2-thread-2 ] INFO  HikariDataSource       - HikariPool-1 - Start completed.
25-02-22.21:05:22.602 [SpringApplicationShutdownHook] INFO  HikariDataSource       - HikariPool-1 - Shutdown initiated...
25-02-22.21:05:22.606 [SpringApplicationShutdownHook] INFO  HikariDataSource       - HikariPool-1 - Shutdown completed.
25-02-22.21:08:35.888 [main            ] INFO  IIndexGroupBuyMarketServiceTest - Starting IIndexGroupBuyMarketServiceTest using Java 17.0.14 on DESKTOP-PMHOB6L with PID 86876 (started by LIUYU in C:\Users\LIUYU\Documents\group-buy-market\group-buy-market-app)
25-02-22.21:08:35.890 [main            ] INFO  IIndexGroupBuyMarketServiceTest - The following 1 profile is active: "dev"
25-02-22.21:08:37.508 [main            ] INFO  IIndexGroupBuyMarketServiceTest - Started IIndexGroupBuyMarketServiceTest in 1.94 seconds (JVM running for 2.442)
25-02-22.21:08:37.947 [main            ] INFO  RootNode               - 拼团商品查询试算服务-RootNode userId:xiaofuge requestParameter:{"channel":"c01","goodsId":"9890001","source":"s01","userId":"xiaofuge"}
25-02-22.21:08:37.950 [main            ] INFO  SwitchRoot             - switch node
25-02-22.21:08:37.950 [main            ] INFO  MarketNode             - 拿到活动配置
25-02-22.21:08:37.966 [pool-2-thread-2 ] INFO  HikariDataSource       - HikariPool-1 - Starting...
25-02-22.21:08:38.228 [pool-2-thread-2 ] INFO  HikariDataSource       - HikariPool-1 - Start completed.
25-02-22.21:08:38.279 [SpringApplicationShutdownHook] INFO  HikariDataSource       - HikariPool-1 - Shutdown initiated...
25-02-22.21:08:38.282 [SpringApplicationShutdownHook] INFO  HikariDataSource       - HikariPool-1 - Shutdown completed.
25-02-22.21:21:51.415 [main            ] INFO  IIndexGroupBuyMarketServiceTest - Starting IIndexGroupBuyMarketServiceTest using Java 17.0.14 on DESKTOP-PMHOB6L with PID 44688 (started by LIUYU in C:\Users\LIUYU\Documents\group-buy-market\group-buy-market-app)
25-02-22.21:21:51.416 [main            ] INFO  IIndexGroupBuyMarketServiceTest - The following 1 profile is active: "dev"
25-02-22.21:21:53.551 [main            ] INFO  IIndexGroupBuyMarketServiceTest - Started IIndexGroupBuyMarketServiceTest in 2.5 seconds (JVM running for 3.307)
25-02-22.21:21:54.061 [main            ] INFO  RootNode               - 拼团商品查询试算服务-RootNode userId:xiaofuge requestParameter:{"channel":"c01","goodsId":"9890001","source":"s01","userId":"xiaofuge"}
25-02-22.21:21:54.064 [main            ] INFO  SwitchRoot             - switch node
25-02-22.21:21:54.065 [main            ] INFO  MarketNode             - 拿到活动配置
25-02-22.21:22:00.950 [pool-2-thread-2 ] INFO  HikariDataSource       - HikariPool-1 - Starting...
25-02-22.21:22:01.239 [pool-2-thread-2 ] INFO  HikariDataSource       - HikariPool-1 - Start completed.
25-02-22.21:22:55.972 [SpringApplicationShutdownHook] INFO  HikariDataSource       - HikariPool-1 - Shutdown initiated...
25-02-22.21:22:55.978 [SpringApplicationShutdownHook] INFO  HikariDataSource       - HikariPool-1 - Shutdown completed.
25-02-22.21:23:05.232 [main            ] INFO  IIndexGroupBuyMarketServiceTest - Starting IIndexGroupBuyMarketServiceTest using Java 17.0.14 on DESKTOP-PMHOB6L with PID 72720 (started by LIUYU in C:\Users\LIUYU\Documents\group-buy-market\group-buy-market-app)
25-02-22.21:23:05.233 [main            ] INFO  IIndexGroupBuyMarketServiceTest - The following 1 profile is active: "dev"
25-02-22.21:23:07.109 [main            ] INFO  IIndexGroupBuyMarketServiceTest - Started IIndexGroupBuyMarketServiceTest in 2.228 seconds (JVM running for 2.793)
25-02-22.21:23:07.687 [main            ] INFO  RootNode               - 拼团商品查询试算服务-RootNode userId:xiaofuge requestParameter:{"channel":"c01","goodsId":"9890001","source":"s01","userId":"xiaofuge"}
25-02-22.21:23:07.690 [main            ] INFO  SwitchRoot             - switch node
25-02-22.21:23:07.690 [main            ] INFO  MarketNode             - 拿到活动配置
25-02-22.21:25:26.996 [pool-2-thread-1 ] INFO  HikariDataSource       - HikariPool-1 - Starting...
25-02-22.21:25:27.296 [pool-2-thread-1 ] INFO  HikariDataSource       - HikariPool-1 - Start completed.
25-02-22.21:25:55.886 [HikariPool-1 housekeeper] WARN  HikariPool             - HikariPool-1 - Thread starvation or clock leap detected (housekeeper delta=58s588ms705µs800ns).
25-02-22.21:32:37.230 [HikariPool-1 housekeeper] WARN  HikariPool             - HikariPool-1 - Thread starvation or clock leap detected (housekeeper delta=6m41s345ms271µs100ns).
25-02-22.21:32:37.255 [SpringApplicationShutdownHook] INFO  HikariDataSource       - HikariPool-1 - Shutdown initiated...
25-02-22.21:32:37.267 [SpringApplicationShutdownHook] INFO  HikariDataSource       - HikariPool-1 - Shutdown completed.
25-02-22.21:44:42.194 [main            ] INFO  IIndexGroupBuyMarketServiceTest - Starting IIndexGroupBuyMarketServiceTest using Java 17.0.14 on DESKTOP-PMHOB6L with PID 29360 (started by LIUYU in C:\Users\LIUYU\Documents\group-buy-market\group-buy-market-app)
25-02-22.21:44:42.195 [main            ] INFO  IIndexGroupBuyMarketServiceTest - The following 1 profile is active: "dev"
25-02-22.21:44:44.286 [main            ] INFO  IIndexGroupBuyMarketServiceTest - Started IIndexGroupBuyMarketServiceTest in 2.459 seconds (JVM running for 3.031)
25-02-22.21:44:50.565 [main            ] INFO  RootNode               - 拼团商品查询试算服务-RootNode userId:xiaofuge requestParameter:{"channel":"c01","goodsId":"9890001","source":"s01","userId":"xiaofuge"}
25-02-22.21:45:07.104 [main            ] INFO  SwitchRoot             - switch node
25-02-22.21:45:12.052 [main            ] INFO  MarketNode             - 拿到活动配置
25-02-22.21:45:17.778 [pool-2-thread-1 ] INFO  HikariDataSource       - HikariPool-1 - Starting...
25-02-22.21:45:18.057 [pool-2-thread-1 ] INFO  HikariDataSource       - HikariPool-1 - Start completed.
25-02-22.21:45:29.638 [SpringApplicationShutdownHook] INFO  HikariDataSource       - HikariPool-1 - Shutdown initiated...
25-02-22.21:45:29.646 [SpringApplicationShutdownHook] INFO  HikariDataSource       - HikariPool-1 - Shutdown completed.
25-02-22.21:45:31.250 [main            ] INFO  IIndexGroupBuyMarketServiceTest - Starting IIndexGroupBuyMarketServiceTest using Java 17.0.14 on DESKTOP-PMHOB6L with PID 65164 (started by LIUYU in C:\Users\LIUYU\Documents\group-buy-market\group-buy-market-app)
25-02-22.21:45:31.251 [main            ] INFO  IIndexGroupBuyMarketServiceTest - The following 1 profile is active: "dev"
25-02-22.21:45:33.429 [main            ] INFO  IIndexGroupBuyMarketServiceTest - Started IIndexGroupBuyMarketServiceTest in 2.544 seconds (JVM running for 3.157)
