25-11-03.23:31:41.098 [main            ] INFO  RootNode               - 拼团商品查询试算服务-RootNode userId:xiaofuge requestParameter:{"channel":"c01","goodsId":"9890001","source":"s01","userId":"xiaofuge"}
25-11-03.23:31:41.113 [main            ] INFO  SwitchRoot             - switch node
25-11-03.23:31:41.159 [pool-2-thread-2 ] INFO  HikariDataSource       - HikariPool-1 - Starting...
25-11-03.23:31:42.299 [pool-2-thread-2 ] INFO  HikariDataSource       - HikariPool-1 - Start completed.

java.util.concurrent.ExecutionException: java.lang.NullPointerException: Cannot invoke "com.yushifu.infrastructure.dao.po.GroupBuyDiscount.getDiscountName()" because "groupBuyDiscountRes" is null

	at java.base/java.util.concurrent.FutureTask.report(FutureTask.java:122)
	at java.base/java.util.concurrent.FutureTask.get(FutureTask.java:205)
	at com.yushifu.domain.activity.service.trial.node.MarketNode.multiThread(MarketNode.java:50)
	at com.yushifu.domain.activity.service.trial.node.MarketNode.multiThread(MarketNode.java:25)
	at com.yushifu.types.design.framework.tree.AbstractMultiThreadStrategyRouter.apply(AbstractMultiThreadStrategyRouter.java:23)
	at com.yushifu.types.design.framework.tree.AbstractMultiThreadStrategyRouter.router(AbstractMultiThreadStrategyRouter.java:17)
	at com.yushifu.domain.activity.service.trial.node.SwitchRoot.doApply(SwitchRoot.java:26)
	at com.yushifu.domain.activity.service.trial.node.SwitchRoot.doApply(SwitchRoot.java:18)
	at com.yushifu.types.design.framework.tree.AbstractMultiThreadStrategyRouter.apply(AbstractMultiThreadStrategyRouter.java:24)
	at com.yushifu.types.design.framework.tree.AbstractMultiThreadStrategyRouter.router(AbstractMultiThreadStrategyRouter.java:17)
	at com.yushifu.domain.activity.service.trial.node.RootNode.doApply(RootNode.java:35)
	at com.yushifu.domain.activity.service.trial.node.RootNode.doApply(RootNode.java:17)
	at com.yushifu.types.design.framework.tree.AbstractMultiThreadStrategyRouter.apply(AbstractMultiThreadStrategyRouter.java:24)
	at com.yushifu.domain.activity.service.IndexGroupBuyMarketServiceImpl.indexMarketTrial(IndexGroupBuyMarketServiceImpl.java:18)
	at com.yushifu.test.damain.activity.IIndexGroupBuyMarketServiceTest.test_indexMarketTrial(IIndexGroupBuyMarketServiceTest.java:37)
	at java.base/jdk.internal.reflect.NativeMethodAccessorImpl.invoke0(Native Method)
	at java.base/jdk.internal.reflect.NativeMethodAccessorImpl.invoke(NativeMethodAccessorImpl.java:77)
	at java.base/jdk.internal.reflect.DelegatingMethodAccessorImpl.invoke(DelegatingMethodAccessorImpl.java:43)
	at java.base/java.lang.reflect.Method.invoke(Method.java:568)
	at org.junit.runners.model.FrameworkMethod$1.runReflectiveCall(FrameworkMethod.java:59)
	at org.junit.internal.runners.model.ReflectiveCallable.run(ReflectiveCallable.java:12)
	at org.junit.runners.model.FrameworkMethod.invokeExplosively(FrameworkMethod.java:56)
	at org.junit.internal.runners.statements.InvokeMethod.evaluate(InvokeMethod.java:17)
	at org.springframework.test.context.junit4.statements.RunBeforeTestExecutionCallbacks.evaluate(RunBeforeTestExecutionCallbacks.java:74)
	at org.springframework.test.context.junit4.statements.RunAfterTestExecutionCallbacks.evaluate(RunAfterTestExecutionCallbacks.java:84)
	at org.springframework.test.context.junit4.statements.RunBeforeTestMethodCallbacks.evaluate(RunBeforeTestMethodCallbacks.java:75)
	at org.springframework.test.context.junit4.statements.RunAfterTestMethodCallbacks.evaluate(RunAfterTestMethodCallbacks.java:86)
	at org.springframework.test.context.junit4.statements.SpringRepeat.evaluate(SpringRepeat.java:84)
	at org.junit.runners.ParentRunner.runLeaf(ParentRunner.java:366)
	at org.springframework.test.context.junit4.SpringJUnit4ClassRunner.runChild(SpringJUnit4ClassRunner.java:251)
	at org.springframework.test.context.junit4.SpringJUnit4ClassRunner.runChild(SpringJUnit4ClassRunner.java:97)
	at org.junit.runners.ParentRunner$4.run(ParentRunner.java:331)
	at org.junit.runners.ParentRunner$1.schedule(ParentRunner.java:79)
	at org.junit.runners.ParentRunner.runChildren(ParentRunner.java:329)
	at org.junit.runners.ParentRunner.access$100(ParentRunner.java:66)
	at org.junit.runners.ParentRunner$2.evaluate(ParentRunner.java:293)
	at org.springframework.test.context.junit4.statements.RunBeforeTestClassCallbacks.evaluate(RunBeforeTestClassCallbacks.java:61)
	at org.springframework.test.context.junit4.statements.RunAfterTestClassCallbacks.evaluate(RunAfterTestClassCallbacks.java:70)
	at org.junit.runners.ParentRunner$3.evaluate(ParentRunner.java:306)
	at org.junit.runners.ParentRunner.run(ParentRunner.java:413)
	at org.springframework.test.context.junit4.SpringJUnit4ClassRunner.run(SpringJUnit4ClassRunner.java:190)
	at org.junit.runner.JUnitCore.run(JUnitCore.java:137)
	at com.intellij.junit4.JUnit4IdeaTestRunner.startRunnerWithArgs(JUnit4IdeaTestRunner.java:69)
	at com.intellij.rt.junit.IdeaTestRunner$Repeater$1.execute(IdeaTestRunner.java:38)
	at com.intellij.rt.execution.junit.TestsRepeater.repeat(TestsRepeater.java:11)
	at com.intellij.rt.junit.IdeaTestRunner$Repeater.startRunnerWithArgs(IdeaTestRunner.java:35)
	at com.intellij.rt.junit.JUnitStarter.prepareStreamsAndStart(JUnitStarter.java:231)
	at com.intellij.rt.junit.JUnitStarter.main(JUnitStarter.java:55)
Caused by: java.lang.NullPointerException: Cannot invoke "com.yushifu.infrastructure.dao.po.GroupBuyDiscount.getDiscountName()" because "groupBuyDiscountRes" is null
	at com.yushifu.infrastructure.adapter.repository.ActivityRepository.queryGroupBuyActivityDiscountVO(ActivityRepository.java:42)
	at com.yushifu.infrastructure.adapter.repository.ActivityRepository$$FastClassBySpringCGLIB$$84e37887.invoke(<generated>)
	at org.springframework.cglib.proxy.MethodProxy.invoke(MethodProxy.java:218)
	at org.springframework.aop.framework.CglibAopProxy$CglibMethodInvocation.invokeJoinpoint(CglibAopProxy.java:793)
	at org.springframework.aop.framework.ReflectiveMethodInvocation.proceed(ReflectiveMethodInvocation.java:163)
	at org.springframework.aop.framework.CglibAopProxy$CglibMethodInvocation.proceed(CglibAopProxy.java:763)
	at org.springframework.dao.support.PersistenceExceptionTranslationInterceptor.invoke(PersistenceExceptionTranslationInterceptor.java:137)
	at org.springframework.aop.framework.ReflectiveMethodInvocation.proceed(ReflectiveMethodInvocation.java:186)
	at org.springframework.aop.framework.CglibAopProxy$CglibMethodInvocation.proceed(CglibAopProxy.java:763)
	at org.springframework.aop.framework.CglibAopProxy$DynamicAdvisedInterceptor.intercept(CglibAopProxy.java:708)
	at com.yushifu.infrastructure.adapter.repository.ActivityRepository$$EnhancerBySpringCGLIB$$f6575c9c.queryGroupBuyActivityDiscountVO(<generated>)
	at com.yushifu.domain.activity.service.trial.thread.QueryGroupBuyActivityDiscountVOThreadTask.call(QueryGroupBuyActivityDiscountVOThreadTask.java:40)
	at com.yushifu.domain.activity.service.trial.thread.QueryGroupBuyActivityDiscountVOThreadTask.call(QueryGroupBuyActivityDiscountVOThreadTask.java:15)
	at java.base/java.util.concurrent.FutureTask.run$$$capture(FutureTask.java:264)
	at java.base/java.util.concurrent.FutureTask.run(FutureTask.java)
	at --- Async.Stack.Trace --- (captured by IntelliJ IDEA debugger)
	at java.base/java.util.concurrent.FutureTask.<init>(FutureTask.java:132)
	at com.yushifu.domain.activity.service.trial.node.MarketNode.multiThread(MarketNode.java:41)
	... 45 more

