25-11-04.13:43:10.770 [main            ] INFO  RootNode               - 拼团商品查询试算服务-RootNode userId:xiaofuge requestParameter:{"activityId":100123,"channel":"c01","goodsId":"9890001","source":"s01","userId":"xiaofuge"}
25-11-04.13:43:10.774 [main            ] INFO  SwitchNode             - 拼团商品查询试算服务-SwitchNode userId:xiaofuge requestParameter:{"activityId":100123,"channel":"c01","goodsId":"9890001","source":"s01","userId":"xiaofuge"}
25-11-04.13:43:10.812 [pool-2-thread-2 ] INFO  HikariDataSource       - Retail_HikariCP - Starting...
25-11-04.13:43:11.084 [pool-2-thread-2 ] INFO  HikariDataSource       - Retail_HikariCP - Start completed.
25-11-04.13:43:11.115 [main            ] INFO  MarketNode             - 拼团商品查询试算服务-MarketNode userId:xiaofuge 异步线程加载数据「GroupBuyActivityDiscountVO、SkuVO」完成
25-11-04.13:43:11.116 [main            ] INFO  MarketNode             - 拼团商品查询试算服务-MarketNode userId:xiaofuge requestParameter:{"activityId":100123,"channel":"c01","goodsId":"9890001","source":"s01","userId":"xiaofuge"}
25-11-04.13:43:11.116 [main            ] INFO  ZJCalculateService     - 优惠策略折扣计算:0
25-11-04.13:43:11.120 [main            ] INFO  EndNode                - 拼团商品查询试算服务-EndNode userId:xiaofuge requestParameter:{"activityId":100123,"channel":"c01","goodsId":"9890001","source":"s01","userId":"xiaofuge"}
25-11-04.13:43:11.122 [main            ] INFO  TradeLockOrderService  - 拼团交易-查询未支付营销订单:xiaofuge outTradeNo:909000098111
25-11-04.13:43:11.134 [main            ] INFO  TradeLockOrderService  - 拼团交易-锁定营销优惠支付订单:xiaofuge activityId:100123 goodsId:9890001
25-11-04.13:43:11.136 [main            ] INFO  ActivityUsabilityRuleFilter - 交易规则过滤-活动的可用性校验xiaofuge activityId:100123
25-11-04.13:43:11.143 [main            ] INFO  UserTakeLimitRuleFilter - 交易规则过滤-用户参与次数校验xiaofuge activityId:100123
25-11-04.13:43:11.147 [main            ] INFO  TeamStockOccupyRuleFilter - 交易规则过滤-组队库存校验xiaofuge activityId:100123

java.lang.NullPointerException: Cannot invoke "cn.bugstack.domain.trade.model.valobj.NotifyConfigVO.getNotifyType()" because "notifyConfigVO" is null

	at cn.bugstack.infrastructure.adapter.repository.TradeRepository.lockMarketPayOrder(TradeRepository.java:124)
	at cn.bugstack.infrastructure.adapter.repository.TradeRepository$$FastClassBySpringCGLIB$$385a4bbd.invoke(<generated>)
	at org.springframework.cglib.proxy.MethodProxy.invoke(MethodProxy.java:218)
	at org.springframework.aop.framework.CglibAopProxy$CglibMethodInvocation.invokeJoinpoint(CglibAopProxy.java:793)
	at org.springframework.aop.framework.ReflectiveMethodInvocation.proceed(ReflectiveMethodInvocation.java:163)
	at org.springframework.aop.framework.CglibAopProxy$CglibMethodInvocation.proceed(CglibAopProxy.java:763)
	at org.springframework.dao.support.PersistenceExceptionTranslationInterceptor.invoke(PersistenceExceptionTranslationInterceptor.java:137)
	at org.springframework.aop.framework.ReflectiveMethodInvocation.proceed(ReflectiveMethodInvocation.java:186)
	at org.springframework.aop.framework.CglibAopProxy$CglibMethodInvocation.proceed(CglibAopProxy.java:763)
	at org.springframework.transaction.interceptor.TransactionInterceptor$1.proceedWithInvocation(TransactionInterceptor.java:123)
	at org.springframework.transaction.interceptor.TransactionAspectSupport.invokeWithinTransaction(TransactionAspectSupport.java:388)
	at org.springframework.transaction.interceptor.TransactionInterceptor.invoke(TransactionInterceptor.java:119)
	at org.springframework.aop.framework.ReflectiveMethodInvocation.proceed(ReflectiveMethodInvocation.java:186)
	at org.springframework.aop.framework.CglibAopProxy$CglibMethodInvocation.proceed(CglibAopProxy.java:763)
	at org.springframework.aop.framework.CglibAopProxy$DynamicAdvisedInterceptor.intercept(CglibAopProxy.java:708)
	at cn.bugstack.infrastructure.adapter.repository.TradeRepository$$EnhancerBySpringCGLIB$$b0e038ee.lockMarketPayOrder(<generated>)
	at cn.bugstack.domain.trade.service.lock.TradeLockOrderService.lockMarketPayOrder(TradeLockOrderService.java:66)
	at cn.bugstack.test.domain.trade.ITradeLockOrderServiceTest.test_lockMarketPayOrder(ITradeLockOrderServiceTest.java:66)
	at java.base/jdk.internal.reflect.NativeMethodAccessorImpl.invoke0(Native Method)
	at java.base/jdk.internal.reflect.NativeMethodAccessorImpl.invoke(NativeMethodAccessorImpl.java:77)
	at java.base/jdk.internal.reflect.DelegatingMethodAccessorImpl.invoke(DelegatingMethodAccessorImpl.java:43)
	at java.base/java.lang.reflect.Method.invoke(Method.java:569)
	at org.junit.runners.model.FrameworkMethod$1.runReflectiveCall(FrameworkMethod.java:59)
	at org.junit.internal.runners.model.ReflectiveCallable.run(ReflectiveCallable.java:12)
	at org.junit.runners.model.FrameworkMethod.invokeExplosively(FrameworkMethod.java:56)
	at org.junit.internal.runners.statements.InvokeMethod.evaluate(InvokeMethod.java:17)
	at org.springframework.test.context.junit4.statements.RunBeforeTestExecutionCallbacks.evaluate(RunBeforeTestExecutionCallbacks.java:74)
	at org.springframework.test.context.junit4.statements.RunAfterTestExecutionCallbacks.evaluate(RunAfterTestExecutionCallbacks.java:84)
	at org.springframework.test.context.junit4.statements.RunBeforeTestMethodCallbacks.evaluate(RunBeforeTestMethodCallbacks.java:75)
	at org.springframework.test.context.junit4.statements.RunAfterTestMethodCallbacks.evaluate(RunAfterTestMethodCallbacks.java:86)
	at org.springframework.test.context.junit4.statements.SpringRepeat.evaluate(SpringRepeat.java:84)
	at org.junit.runners.ParentRunner.runLeaf(ParentRunner.java:366)
	at org.springframework.test.context.junit4.SpringJUnit4ClassRunner.runChild(SpringJUnit4ClassRunner.java:251)
	at org.springframework.test.context.junit4.SpringJUnit4ClassRunner.runChild(SpringJUnit4ClassRunner.java:97)
	at org.junit.runners.ParentRunner$4.run(ParentRunner.java:331)
	at org.junit.runners.ParentRunner$1.schedule(ParentRunner.java:79)
	at org.junit.runners.ParentRunner.runChildren(ParentRunner.java:329)
	at org.junit.runners.ParentRunner.access$100(ParentRunner.java:66)
	at org.junit.runners.ParentRunner$2.evaluate(ParentRunner.java:293)
	at org.springframework.test.context.junit4.statements.RunBeforeTestClassCallbacks.evaluate(RunBeforeTestClassCallbacks.java:61)
	at org.springframework.test.context.junit4.statements.RunAfterTestClassCallbacks.evaluate(RunAfterTestClassCallbacks.java:70)
	at org.junit.runners.ParentRunner$3.evaluate(ParentRunner.java:306)
	at org.junit.runners.ParentRunner.run(ParentRunner.java:413)
	at org.springframework.test.context.junit4.SpringJUnit4ClassRunner.run(SpringJUnit4ClassRunner.java:190)
	at org.junit.runner.JUnitCore.run(JUnitCore.java:137)
	at com.intellij.junit4.JUnit4IdeaTestRunner.startRunnerWithArgs(JUnit4IdeaTestRunner.java:69)
	at com.intellij.rt.junit.IdeaTestRunner$Repeater$1.execute(IdeaTestRunner.java:38)
	at com.intellij.rt.execution.junit.TestsRepeater.repeat(TestsRepeater.java:11)
	at com.intellij.rt.junit.IdeaTestRunner$Repeater.startRunnerWithArgs(IdeaTestRunner.java:35)
	at com.intellij.rt.junit.JUnitStarter.prepareStreamsAndStart(JUnitStarter.java:231)
	at com.intellij.rt.junit.JUnitStarter.main(JUnitStarter.java:55)

